<?xml version="1.0" encoding="UTF-8"?>
<testsuite xmlns:xsi="http://www.w3.org/2001/XMLSchema-instance" xsi:noNamespaceSchemaLocation="https://maven.apache.org/surefire/maven-surefire-plugin/xsd/surefire-test-report.xsd" name="com.glp.UsermanagersApplicationTests" time="8.193" tests="2" errors="0" skipped="0" failures="0">
  <properties>
    <property name="sun.desktop" value="windows"/>
    <property name="awt.toolkit" value="sun.awt.windows.WToolkit"/>
    <property name="file.encoding.pkg" value="sun.io"/>
    <property name="java.specification.version" value="1.8"/>
    <property name="sun.cpu.isalist" value="amd64"/>
    <property name="sun.jnu.encoding" value="GBK"/>
    <property name="java.class.path" value="G:\1workplace\usermanagers\target\test-classes;G:\1workplace\usermanagers\target\classes;G:\mavenRepository\repository\org\mybatis\spring\boot\mybatis-spring-boot-starter\2.1.1\mybatis-spring-boot-starter-2.1.1.jar;G:\mavenRepository\repository\org\springframework\boot\spring-boot-starter\2.3.2.RELEASE\spring-boot-starter-2.3.2.RELEASE.jar;G:\mavenRepository\repository\org\springframework\boot\spring-boot\2.3.2.RELEASE\spring-boot-2.3.2.RELEASE.jar;G:\mavenRepository\repository\org\springframework\boot\spring-boot-autoconfigure\2.3.2.RELEASE\spring-boot-autoconfigure-2.3.2.RELEASE.jar;G:\mavenRepository\repository\org\springframework\boot\spring-boot-starter-logging\2.3.2.RELEASE\spring-boot-starter-logging-2.3.2.RELEASE.jar;G:\mavenRepository\repository\ch\qos\logback\logback-classic\1.2.3\logback-classic-1.2.3.jar;G:\mavenRepository\repository\ch\qos\logback\logback-core\1.2.3\logback-core-1.2.3.jar;G:\mavenRepository\repository\org\apache\logging\log4j\log4j-to-slf4j\2.13.3\log4j-to-slf4j-2.13.3.jar;G:\mavenRepository\repository\org\apache\logging\log4j\log4j-api\2.13.3\log4j-api-2.13.3.jar;G:\mavenRepository\repository\org\slf4j\jul-to-slf4j\1.7.30\jul-to-slf4j-1.7.30.jar;G:\mavenRepository\repository\org\yaml\snakeyaml\1.26\snakeyaml-1.26.jar;G:\mavenRepository\repository\org\mybatis\spring\boot\mybatis-spring-boot-autoconfigure\2.1.1\mybatis-spring-boot-autoconfigure-2.1.1.jar;G:\mavenRepository\repository\org\mybatis\mybatis\3.5.3\mybatis-3.5.3.jar;G:\mavenRepository\repository\org\mybatis\mybatis-spring\2.0.3\mybatis-spring-2.0.3.jar;G:\mavenRepository\repository\org\projectlombok\lombok\1.18.12\lombok-1.18.12.jar;G:\mavenRepository\repository\org\springframework\boot\spring-boot-starter-jdbc\2.3.2.RELEASE\spring-boot-starter-jdbc-2.3.2.RELEASE.jar;G:\mavenRepository\repository\com\zaxxer\HikariCP\3.4.5\HikariCP-3.4.5.jar;G:\mavenRepository\repository\org\slf4j\slf4j-api\1.7.30\slf4j-api-1.7.30.jar;G:\mavenRepository\repository\org\springframework\spring-jdbc\5.2.8.RELEASE\spring-jdbc-5.2.8.RELEASE.jar;G:\mavenRepository\repository\org\springframework\spring-beans\5.2.8.RELEASE\spring-beans-5.2.8.RELEASE.jar;G:\mavenRepository\repository\org\springframework\spring-tx\5.2.8.RELEASE\spring-tx-5.2.8.RELEASE.jar;G:\mavenRepository\repository\org\springframework\boot\spring-boot-starter-web\2.3.2.RELEASE\spring-boot-starter-web-2.3.2.RELEASE.jar;G:\mavenRepository\repository\org\springframework\boot\spring-boot-starter-json\2.3.2.RELEASE\spring-boot-starter-json-2.3.2.RELEASE.jar;G:\mavenRepository\repository\com\fasterxml\jackson\core\jackson-databind\2.11.1\jackson-databind-2.11.1.jar;G:\mavenRepository\repository\com\fasterxml\jackson\core\jackson-annotations\2.11.1\jackson-annotations-2.11.1.jar;G:\mavenRepository\repository\com\fasterxml\jackson\core\jackson-core\2.11.1\jackson-core-2.11.1.jar;G:\mavenRepository\repository\com\fasterxml\jackson\datatype\jackson-datatype-jdk8\2.11.1\jackson-datatype-jdk8-2.11.1.jar;G:\mavenRepository\repository\com\fasterxml\jackson\datatype\jackson-datatype-jsr310\2.11.1\jackson-datatype-jsr310-2.11.1.jar;G:\mavenRepository\repository\com\fasterxml\jackson\module\jackson-module-parameter-names\2.11.1\jackson-module-parameter-names-2.11.1.jar;G:\mavenRepository\repository\org\springframework\spring-web\5.2.8.RELEASE\spring-web-5.2.8.RELEASE.jar;G:\mavenRepository\repository\org\springframework\spring-webmvc\5.2.8.RELEASE\spring-webmvc-5.2.8.RELEASE.jar;G:\mavenRepository\repository\org\springframework\spring-aop\5.2.8.RELEASE\spring-aop-5.2.8.RELEASE.jar;G:\mavenRepository\repository\org\springframework\spring-context\5.2.8.RELEASE\spring-context-5.2.8.RELEASE.jar;G:\mavenRepository\repository\org\springframework\spring-expression\5.2.8.RELEASE\spring-expression-5.2.8.RELEASE.jar;G:\mavenRepository\repository\mysql\mysql-connector-java\8.0.21\mysql-connector-java-8.0.21.jar;G:\mavenRepository\repository\org\springframework\boot\spring-boot-starter-test\2.3.2.RELEASE\spring-boot-starter-test-2.3.2.RELEASE.jar;G:\mavenRepository\repository\org\springframework\boot\spring-boot-test\2.3.2.RELEASE\spring-boot-test-2.3.2.RELEASE.jar;G:\mavenRepository\repository\org\springframework\boot\spring-boot-test-autoconfigure\2.3.2.RELEASE\spring-boot-test-autoconfigure-2.3.2.RELEASE.jar;G:\mavenRepository\repository\com\jayway\jsonpath\json-path\2.4.0\json-path-2.4.0.jar;G:\mavenRepository\repository\net\minidev\json-smart\2.3\json-smart-2.3.jar;G:\mavenRepository\repository\net\minidev\accessors-smart\1.2\accessors-smart-1.2.jar;G:\mavenRepository\repository\org\ow2\asm\asm\5.0.4\asm-5.0.4.jar;G:\mavenRepository\repository\jakarta\xml\bind\jakarta.xml.bind-api\2.3.3\jakarta.xml.bind-api-2.3.3.jar;G:\mavenRepository\repository\jakarta\activation\jakarta.activation-api\1.2.2\jakarta.activation-api-1.2.2.jar;G:\mavenRepository\repository\org\assertj\assertj-core\3.16.1\assertj-core-3.16.1.jar;G:\mavenRepository\repository\org\hamcrest\hamcrest\2.2\hamcrest-2.2.jar;G:\mavenRepository\repository\org\junit\jupiter\junit-jupiter\5.6.2\junit-jupiter-5.6.2.jar;G:\mavenRepository\repository\org\junit\jupiter\junit-jupiter-api\5.6.2\junit-jupiter-api-5.6.2.jar;G:\mavenRepository\repository\org\apiguardian\apiguardian-api\1.1.0\apiguardian-api-1.1.0.jar;G:\mavenRepository\repository\org\opentest4j\opentest4j\1.2.0\opentest4j-1.2.0.jar;G:\mavenRepository\repository\org\junit\platform\junit-platform-commons\1.6.2\junit-platform-commons-1.6.2.jar;G:\mavenRepository\repository\org\junit\jupiter\junit-jupiter-params\5.6.2\junit-jupiter-params-5.6.2.jar;G:\mavenRepository\repository\org\junit\jupiter\junit-jupiter-engine\5.6.2\junit-jupiter-engine-5.6.2.jar;G:\mavenRepository\repository\org\junit\platform\junit-platform-engine\1.6.2\junit-platform-engine-1.6.2.jar;G:\mavenRepository\repository\org\mockito\mockito-core\3.3.3\mockito-core-3.3.3.jar;G:\mavenRepository\repository\net\bytebuddy\byte-buddy\1.10.13\byte-buddy-1.10.13.jar;G:\mavenRepository\repository\net\bytebuddy\byte-buddy-agent\1.10.13\byte-buddy-agent-1.10.13.jar;G:\mavenRepository\repository\org\objenesis\objenesis\2.6\objenesis-2.6.jar;G:\mavenRepository\repository\org\mockito\mockito-junit-jupiter\3.3.3\mockito-junit-jupiter-3.3.3.jar;G:\mavenRepository\repository\org\skyscreamer\jsonassert\1.5.0\jsonassert-1.5.0.jar;G:\mavenRepository\repository\com\vaadin\external\google\android-json\0.0.20131108.vaadin1\android-json-0.0.20131108.vaadin1.jar;G:\mavenRepository\repository\org\springframework\spring-core\5.2.8.RELEASE\spring-core-5.2.8.RELEASE.jar;G:\mavenRepository\repository\org\springframework\spring-jcl\5.2.8.RELEASE\spring-jcl-5.2.8.RELEASE.jar;G:\mavenRepository\repository\org\springframework\spring-test\5.2.8.RELEASE\spring-test-5.2.8.RELEASE.jar;G:\mavenRepository\repository\org\xmlunit\xmlunit-core\2.7.0\xmlunit-core-2.7.0.jar;G:\mavenRepository\repository\org\springframework\boot\spring-boot-starter-tomcat\2.3.2.RELEASE\spring-boot-starter-tomcat-2.3.2.RELEASE.jar;G:\mavenRepository\repository\jakarta\annotation\jakarta.annotation-api\1.3.5\jakarta.annotation-api-1.3.5.jar;G:\mavenRepository\repository\org\apache\tomcat\embed\tomcat-embed-core\9.0.37\tomcat-embed-core-9.0.37.jar;G:\mavenRepository\repository\org\glassfish\jakarta.el\3.0.3\jakarta.el-3.0.3.jar;G:\mavenRepository\repository\org\apache\tomcat\embed\tomcat-embed-websocket\9.0.37\tomcat-embed-websocket-9.0.37.jar;G:\mavenRepository\repository\org\springframework\boot\spring-boot-starter-thymeleaf\2.3.2.RELEASE\spring-boot-starter-thymeleaf-2.3.2.RELEASE.jar;G:\mavenRepository\repository\org\thymeleaf\thymeleaf-spring5\3.0.11.RELEASE\thymeleaf-spring5-3.0.11.RELEASE.jar;G:\mavenRepository\repository\org\thymeleaf\thymeleaf\3.0.11.RELEASE\thymeleaf-3.0.11.RELEASE.jar;G:\mavenRepository\repository\org\attoparser\attoparser\2.0.5.RELEASE\attoparser-2.0.5.RELEASE.jar;G:\mavenRepository\repository\org\unbescape\unbescape\1.1.6.RELEASE\unbescape-1.1.6.RELEASE.jar;G:\mavenRepository\repository\org\thymeleaf\extras\thymeleaf-extras-java8time\3.0.4.RELEASE\thymeleaf-extras-java8time-3.0.4.RELEASE.jar;"/>
    <property name="java.vm.vendor" value="Oracle Corporation"/>
    <property name="sun.arch.data.model" value="64"/>
    <property name="user.variant" value=""/>
    <property name="java.vendor.url" value="http://java.oracle.com/"/>
    <property name="user.timezone" value="Asia/Shanghai"/>
    <property name="java.vm.specification.version" value="1.8"/>
    <property name="os.name" value="Windows 10"/>
    <property name="user.country" value="CN"/>
    <property name="sun.java.launcher" value="SUN_STANDARD"/>
    <property name="sun.boot.library.path" value="C:\Program Files\Java\jdk1.8.0_261\jre\bin"/>
    <property name="sun.java.command" value="C:\Users\11130\AppData\Local\Temp\surefire7863268205324544930\surefirebooter5634640460300983815.jar C:\Users\11130\AppData\Local\Temp\surefire7863268205324544930 2020-08-17T10-11-02_111-jvmRun1 surefire1253336742013762434tmp surefire_02762290707506699846tmp"/>
    <property name="surefire.test.class.path" value="G:\1workplace\usermanagers\target\test-classes;G:\1workplace\usermanagers\target\classes;G:\mavenRepository\repository\org\mybatis\spring\boot\mybatis-spring-boot-starter\2.1.1\mybatis-spring-boot-starter-2.1.1.jar;G:\mavenRepository\repository\org\springframework\boot\spring-boot-starter\2.3.2.RELEASE\spring-boot-starter-2.3.2.RELEASE.jar;G:\mavenRepository\repository\org\springframework\boot\spring-boot\2.3.2.RELEASE\spring-boot-2.3.2.RELEASE.jar;G:\mavenRepository\repository\org\springframework\boot\spring-boot-autoconfigure\2.3.2.RELEASE\spring-boot-autoconfigure-2.3.2.RELEASE.jar;G:\mavenRepository\repository\org\springframework\boot\spring-boot-starter-logging\2.3.2.RELEASE\spring-boot-starter-logging-2.3.2.RELEASE.jar;G:\mavenRepository\repository\ch\qos\logback\logback-classic\1.2.3\logback-classic-1.2.3.jar;G:\mavenRepository\repository\ch\qos\logback\logback-core\1.2.3\logback-core-1.2.3.jar;G:\mavenRepository\repository\org\apache\logging\log4j\log4j-to-slf4j\2.13.3\log4j-to-slf4j-2.13.3.jar;G:\mavenRepository\repository\org\apache\logging\log4j\log4j-api\2.13.3\log4j-api-2.13.3.jar;G:\mavenRepository\repository\org\slf4j\jul-to-slf4j\1.7.30\jul-to-slf4j-1.7.30.jar;G:\mavenRepository\repository\org\yaml\snakeyaml\1.26\snakeyaml-1.26.jar;G:\mavenRepository\repository\org\mybatis\spring\boot\mybatis-spring-boot-autoconfigure\2.1.1\mybatis-spring-boot-autoconfigure-2.1.1.jar;G:\mavenRepository\repository\org\mybatis\mybatis\3.5.3\mybatis-3.5.3.jar;G:\mavenRepository\repository\org\mybatis\mybatis-spring\2.0.3\mybatis-spring-2.0.3.jar;G:\mavenRepository\repository\org\projectlombok\lombok\1.18.12\lombok-1.18.12.jar;G:\mavenRepository\repository\org\springframework\boot\spring-boot-starter-jdbc\2.3.2.RELEASE\spring-boot-starter-jdbc-2.3.2.RELEASE.jar;G:\mavenRepository\repository\com\zaxxer\HikariCP\3.4.5\HikariCP-3.4.5.jar;G:\mavenRepository\repository\org\slf4j\slf4j-api\1.7.30\slf4j-api-1.7.30.jar;G:\mavenRepository\repository\org\springframework\spring-jdbc\5.2.8.RELEASE\spring-jdbc-5.2.8.RELEASE.jar;G:\mavenRepository\repository\org\springframework\spring-beans\5.2.8.RELEASE\spring-beans-5.2.8.RELEASE.jar;G:\mavenRepository\repository\org\springframework\spring-tx\5.2.8.RELEASE\spring-tx-5.2.8.RELEASE.jar;G:\mavenRepository\repository\org\springframework\boot\spring-boot-starter-web\2.3.2.RELEASE\spring-boot-starter-web-2.3.2.RELEASE.jar;G:\mavenRepository\repository\org\springframework\boot\spring-boot-starter-json\2.3.2.RELEASE\spring-boot-starter-json-2.3.2.RELEASE.jar;G:\mavenRepository\repository\com\fasterxml\jackson\core\jackson-databind\2.11.1\jackson-databind-2.11.1.jar;G:\mavenRepository\repository\com\fasterxml\jackson\core\jackson-annotations\2.11.1\jackson-annotations-2.11.1.jar;G:\mavenRepository\repository\com\fasterxml\jackson\core\jackson-core\2.11.1\jackson-core-2.11.1.jar;G:\mavenRepository\repository\com\fasterxml\jackson\datatype\jackson-datatype-jdk8\2.11.1\jackson-datatype-jdk8-2.11.1.jar;G:\mavenRepository\repository\com\fasterxml\jackson\datatype\jackson-datatype-jsr310\2.11.1\jackson-datatype-jsr310-2.11.1.jar;G:\mavenRepository\repository\com\fasterxml\jackson\module\jackson-module-parameter-names\2.11.1\jackson-module-parameter-names-2.11.1.jar;G:\mavenRepository\repository\org\springframework\spring-web\5.2.8.RELEASE\spring-web-5.2.8.RELEASE.jar;G:\mavenRepository\repository\org\springframework\spring-webmvc\5.2.8.RELEASE\spring-webmvc-5.2.8.RELEASE.jar;G:\mavenRepository\repository\org\springframework\spring-aop\5.2.8.RELEASE\spring-aop-5.2.8.RELEASE.jar;G:\mavenRepository\repository\org\springframework\spring-context\5.2.8.RELEASE\spring-context-5.2.8.RELEASE.jar;G:\mavenRepository\repository\org\springframework\spring-expression\5.2.8.RELEASE\spring-expression-5.2.8.RELEASE.jar;G:\mavenRepository\repository\mysql\mysql-connector-java\8.0.21\mysql-connector-java-8.0.21.jar;G:\mavenRepository\repository\org\springframework\boot\spring-boot-starter-test\2.3.2.RELEASE\spring-boot-starter-test-2.3.2.RELEASE.jar;G:\mavenRepository\repository\org\springframework\boot\spring-boot-test\2.3.2.RELEASE\spring-boot-test-2.3.2.RELEASE.jar;G:\mavenRepository\repository\org\springframework\boot\spring-boot-test-autoconfigure\2.3.2.RELEASE\spring-boot-test-autoconfigure-2.3.2.RELEASE.jar;G:\mavenRepository\repository\com\jayway\jsonpath\json-path\2.4.0\json-path-2.4.0.jar;G:\mavenRepository\repository\net\minidev\json-smart\2.3\json-smart-2.3.jar;G:\mavenRepository\repository\net\minidev\accessors-smart\1.2\accessors-smart-1.2.jar;G:\mavenRepository\repository\org\ow2\asm\asm\5.0.4\asm-5.0.4.jar;G:\mavenRepository\repository\jakarta\xml\bind\jakarta.xml.bind-api\2.3.3\jakarta.xml.bind-api-2.3.3.jar;G:\mavenRepository\repository\jakarta\activation\jakarta.activation-api\1.2.2\jakarta.activation-api-1.2.2.jar;G:\mavenRepository\repository\org\assertj\assertj-core\3.16.1\assertj-core-3.16.1.jar;G:\mavenRepository\repository\org\hamcrest\hamcrest\2.2\hamcrest-2.2.jar;G:\mavenRepository\repository\org\junit\jupiter\junit-jupiter\5.6.2\junit-jupiter-5.6.2.jar;G:\mavenRepository\repository\org\junit\jupiter\junit-jupiter-api\5.6.2\junit-jupiter-api-5.6.2.jar;G:\mavenRepository\repository\org\apiguardian\apiguardian-api\1.1.0\apiguardian-api-1.1.0.jar;G:\mavenRepository\repository\org\opentest4j\opentest4j\1.2.0\opentest4j-1.2.0.jar;G:\mavenRepository\repository\org\junit\platform\junit-platform-commons\1.6.2\junit-platform-commons-1.6.2.jar;G:\mavenRepository\repository\org\junit\jupiter\junit-jupiter-params\5.6.2\junit-jupiter-params-5.6.2.jar;G:\mavenRepository\repository\org\junit\jupiter\junit-jupiter-engine\5.6.2\junit-jupiter-engine-5.6.2.jar;G:\mavenRepository\repository\org\junit\platform\junit-platform-engine\1.6.2\junit-platform-engine-1.6.2.jar;G:\mavenRepository\repository\org\mockito\mockito-core\3.3.3\mockito-core-3.3.3.jar;G:\mavenRepository\repository\net\bytebuddy\byte-buddy\1.10.13\byte-buddy-1.10.13.jar;G:\mavenRepository\repository\net\bytebuddy\byte-buddy-agent\1.10.13\byte-buddy-agent-1.10.13.jar;G:\mavenRepository\repository\org\objenesis\objenesis\2.6\objenesis-2.6.jar;G:\mavenRepository\repository\org\mockito\mockito-junit-jupiter\3.3.3\mockito-junit-jupiter-3.3.3.jar;G:\mavenRepository\repository\org\skyscreamer\jsonassert\1.5.0\jsonassert-1.5.0.jar;G:\mavenRepository\repository\com\vaadin\external\google\android-json\0.0.20131108.vaadin1\android-json-0.0.20131108.vaadin1.jar;G:\mavenRepository\repository\org\springframework\spring-core\5.2.8.RELEASE\spring-core-5.2.8.RELEASE.jar;G:\mavenRepository\repository\org\springframework\spring-jcl\5.2.8.RELEASE\spring-jcl-5.2.8.RELEASE.jar;G:\mavenRepository\repository\org\springframework\spring-test\5.2.8.RELEASE\spring-test-5.2.8.RELEASE.jar;G:\mavenRepository\repository\org\xmlunit\xmlunit-core\2.7.0\xmlunit-core-2.7.0.jar;G:\mavenRepository\repository\org\springframework\boot\spring-boot-starter-tomcat\2.3.2.RELEASE\spring-boot-starter-tomcat-2.3.2.RELEASE.jar;G:\mavenRepository\repository\jakarta\annotation\jakarta.annotation-api\1.3.5\jakarta.annotation-api-1.3.5.jar;G:\mavenRepository\repository\org\apache\tomcat\embed\tomcat-embed-core\9.0.37\tomcat-embed-core-9.0.37.jar;G:\mavenRepository\repository\org\glassfish\jakarta.el\3.0.3\jakarta.el-3.0.3.jar;G:\mavenRepository\repository\org\apache\tomcat\embed\tomcat-embed-websocket\9.0.37\tomcat-embed-websocket-9.0.37.jar;G:\mavenRepository\repository\org\springframework\boot\spring-boot-starter-thymeleaf\2.3.2.RELEASE\spring-boot-starter-thymeleaf-2.3.2.RELEASE.jar;G:\mavenRepository\repository\org\thymeleaf\thymeleaf-spring5\3.0.11.RELEASE\thymeleaf-spring5-3.0.11.RELEASE.jar;G:\mavenRepository\repository\org\thymeleaf\thymeleaf\3.0.11.RELEASE\thymeleaf-3.0.11.RELEASE.jar;G:\mavenRepository\repository\org\attoparser\attoparser\2.0.5.RELEASE\attoparser-2.0.5.RELEASE.jar;G:\mavenRepository\repository\org\unbescape\unbescape\1.1.6.RELEASE\unbescape-1.1.6.RELEASE.jar;G:\mavenRepository\repository\org\thymeleaf\extras\thymeleaf-extras-java8time\3.0.4.RELEASE\thymeleaf-extras-java8time-3.0.4.RELEASE.jar;"/>
    <property name="sun.cpu.endian" value="little"/>
    <property name="user.home" value="C:\Users\11130"/>
    <property name="user.language" value="zh"/>
    <property name="java.specification.vendor" value="Oracle Corporation"/>
    <property name="java.home" value="C:\Program Files\Java\jdk1.8.0_261\jre"/>
    <property name="basedir" value="G:\1workplace\usermanagers"/>
    <property name="file.separator" value="\"/>
    <property name="line.separator" value="&#10;"/>
    <property name="java.vm.specification.vendor" value="Oracle Corporation"/>
    <property name="java.specification.name" value="Java Platform API Specification"/>
    <property name="java.awt.graphicsenv" value="sun.awt.Win32GraphicsEnvironment"/>
    <property name="surefire.real.class.path" value="C:\Users\11130\AppData\Local\Temp\surefire7863268205324544930\surefirebooter5634640460300983815.jar"/>
    <property name="sun.boot.class.path" value="C:\Program Files\Java\jdk1.8.0_261\jre\lib\resources.jar;C:\Program Files\Java\jdk1.8.0_261\jre\lib\rt.jar;C:\Program Files\Java\jdk1.8.0_261\jre\lib\sunrsasign.jar;C:\Program Files\Java\jdk1.8.0_261\jre\lib\jsse.jar;C:\Program Files\Java\jdk1.8.0_261\jre\lib\jce.jar;C:\Program Files\Java\jdk1.8.0_261\jre\lib\charsets.jar;C:\Program Files\Java\jdk1.8.0_261\jre\lib\jfr.jar;C:\Program Files\Java\jdk1.8.0_261\jre\classes"/>
    <property name="user.script" value=""/>
    <property name="sun.management.compiler" value="HotSpot 64-Bit Tiered Compilers"/>
    <property name="java.runtime.version" value="1.8.0_261-b12"/>
    <property name="user.name" value="11130"/>
    <property name="path.separator" value=";"/>
    <property name="os.version" value="10.0"/>
    <property name="java.endorsed.dirs" value="C:\Program Files\Java\jdk1.8.0_261\jre\lib\endorsed"/>
    <property name="java.runtime.name" value="Java(TM) SE Runtime Environment"/>
    <property name="file.encoding" value="GBK"/>
    <property name="java.vm.name" value="Java HotSpot(TM) 64-Bit Server VM"/>
    <property name="localRepository" value="G:\mavenRepository\repository"/>
    <property name="java.vendor.url.bug" value="http://bugreport.sun.com/bugreport/"/>
    <property name="java.io.tmpdir" value="C:\Users\11130\AppData\Local\Temp\"/>
    <property name="idea.version" value="2018.1.5"/>
    <property name="java.version" value="1.8.0_261"/>
    <property name="user.dir" value="G:\1workplace\usermanagers"/>
    <property name="os.arch" value="amd64"/>
    <property name="java.vm.specification.name" value="Java Virtual Machine Specification"/>
    <property name="java.awt.printerjob" value="sun.awt.windows.WPrinterJob"/>
    <property name="sun.os.patch.level" value=""/>
    <property name="java.library.path" value="C:\Program Files\Java\jdk1.8.0_261\jre\bin;C:\WINDOWS\Sun\Java\bin;C:\WINDOWS\system32;C:\WINDOWS;C:\Program Files (x86)\Common Files\Oracle\Java\javapath;C:\WINDOWS\system32;C:\WINDOWS;C:\WINDOWS\System32\Wbem;C:\WINDOWS\System32\WindowsPowerShell\v1.0\;C:\Program Files (x86)\Microsoft SQL Server\100\Tools\Binn\;C:\Program Files\Microsoft SQL Server\100\Tools\Binn\;C:\Program Files\Microsoft SQL Server\100\DTS\Binn\;C:\Program Files\Java\jdk1.8.0_261\bin;C:\1python\1Workplace\;C:\1python\;C:\Program Files\IVI Foundation\VISA\Win64\Bin\;H:\1lab\WinNT\Bin\;C:\1MATLAB\runtime\win64;C:\1MATLAB\bin;C:\1MATLAB\polyspace\bin;H:\sublim+++\Sublime Text 3;H:\_PYTHON\workplace\jquery\;G:\1Git\Git\cmd;G:\1Git\bin;C:\Program Files (x86)\Windows Kits\8.1\Windows Performance Toolkit\;C:\Program Files\Microsoft SQL Server\110\Tools\Binn\;H:\PuTTY\;G:\Program Files\1Mysql\mysql-5.7.27-winx64\bin;I:\SPSS\JRE\bin;TOMCAT_HOME;C:\1Anaconda;C:\1Anaconda\Library\mingw-w64\bin;C:\1Anaconda\Library\usr\bin;C:\1Anaconda\Library\bin;C:\1Anaconda\Scripts;C:\1python\Scripts\;C:\1python\;C:\Users\11130\AppData\Local\Microsoft\WindowsApps;C:\1python\1Workplace\;G:\6666\win32;G:\1pycharm\PyCharm Community Edition 2019.1.2\bin;C:\Users\11130\AppData\Roaming\npm;G:\IntelliJ IDEA 2019.2.4\bin;G:\Program Files\1Mysql\mysql-5.7.27-winx64\bin;G:\Program Files\Fiddler;;."/>
    <property name="java.vm.info" value="mixed mode"/>
    <property name="java.vendor" value="Oracle Corporation"/>
    <property name="java.vm.version" value="25.261-b12"/>
    <property name="java.ext.dirs" value="C:\Program Files\Java\jdk1.8.0_261\jre\lib\ext;C:\WINDOWS\Sun\Java\lib\ext"/>
    <property name="sun.io.unicode.encoding" value="UnicodeLittle"/>
    <property name="maven.repo.local" value="G:\mavenRepository\repository"/>
    <property name="java.class.version" value="52.0"/>
  </properties>
  <testcase name="TestspringVersionAndspringBootVersion" classname="com.glp.UsermanagersApplicationTests" time="0.957"/>
  <testcase name="contextLoads" classname="com.glp.UsermanagersApplicationTests" time="0.005"/>
</testsuite>